<?xml version="1.0" encoding="UTF-8"?>
<!-- Generated by org.testng.reporters.JUnitXMLReporter -->
<testsuite hostname="DESKTOP-48DV5E4" ignored="0" name="Default test" tests="4" failures="0" timestamp="18 Jun 2019 17:28:07 GMT" time="34.435" errors="0">
  <testcase name="getData" time="2.078" classname="com.class04.ToolsQaExample"/>
  <testcase name="getData" time="2.3" classname="com.class04.ToolsQaExample"/>
  <testcase name="getData" time="2.493" classname="com.class04.ToolsQaExample"/>
  <testcase name="getData" time="2.296" classname="com.class04.ToolsQaExample"/>
</testsuite> <!-- Default test -->
