<?xml version="1.0" encoding="UTF-8"?>
<!-- Generated by org.testng.reporters.JUnitXMLReporter -->
<testsuite hostname="DESKTOP-48DV5E4" ignored="1" name="test" tests="3" failures="0" timestamp="06 Jun 2019 00:53:58 GMT" time="0.032" errors="0">
  <testcase name="One" time="0.007" classname="com.class03.MethodsExample"/>
  <testcase name="Three" time="0.001" classname="com.class03.MethodsExample"/>
  <testcase name="Two" time="0.001" classname="com.class03.MethodsExample"/>
  <testcase name="Four" time="0.0" classname="com.class03.MethodsExample">
    <ignored/>
  </testcase> <!-- Four -->
</testsuite> <!-- test -->
