<?xml version="1.0" encoding="UTF-8"?>
<!-- Generated by org.testng.reporters.JUnitXMLReporter -->
<testsuite hostname="DESKTOP-48DV5E4" ignored="2" name="test" tests="1" failures="0" timestamp="17 Jun 2019 16:10:50 GMT" time="6.969" errors="0">
  <testcase name="userOne" time="0.339" classname="com.class03.TaskOne"/>
  <testcase name="userThree" time="0.0" classname="com.class03.TaskOne">
    <ignored/>
  </testcase> <!-- userThree -->
  <testcase name="userTwo" time="0.0" classname="com.class03.TaskOne">
    <ignored/>
  </testcase> <!-- userTwo -->
</testsuite> <!-- test -->
