<?xml version="1.0" encoding="UTF-8"?>
<!-- Generated by org.testng.reporters.JUnitXMLReporter -->
<testsuite hostname="DESKTOP-48DV5E4" ignored="0" name="Test" tests="6" failures="0" timestamp="06 Jun 2019 00:52:08 GMT" time="0.034" errors="0">
  <testcase name="tesOneFromBasic1" time="0.007" classname="com.class03.BasicXMLPartOne"/>
  <testcase name="testSceondFromBasic1" time="0.001" classname="com.class03.BasicXMLPartOne"/>
  <testcase name="testThirdFromBasic1" time="0.002" classname="com.class03.BasicXMLPartOne"/>
  <testcase name="tesOneFromBasic1" time="0.001" classname="com.class03.BasicXMLPartTwo"/>
  <testcase name="testSceondFromBasic1" time="0.001" classname="com.class03.BasicXMLPartTwo"/>
  <testcase name="testThirdFromBasic1" time="0.0" classname="com.class03.BasicXMLPartTwo"/>
</testsuite> <!-- Test -->
